2026-03-25 08:12:48,513 fail2ban.server         [754]: INFO    --------------------------------------------------
2026-03-25 08:12:48,513 fail2ban.server         [754]: INFO    Starting Fail2ban v1.1.0.1
2026-03-25 08:12:48,514 fail2ban.observer       [754]: INFO    Observer start...
2026-03-25 08:12:48,517 fail2ban.database       [754]: INFO    Connected to fail2ban persistent database '/var/lib/fail2ban/fail2ban.sqlite3'
2026-03-25 08:12:48,519 fail2ban.database       [754]: WARNING New database created. Version '4'
2026-03-25 08:12:48,519 fail2ban.jail           [754]: INFO    Creating new jail 'postfix'
2026-03-25 08:12:48,523 fail2ban.jail           [754]: INFO    Jail 'postfix' uses pyinotify {}
2026-03-25 08:12:48,524 fail2ban.jail           [754]: INFO    Initiated 'pyinotify' backend
2026-03-25 08:12:48,528 fail2ban.filter         [754]: INFO      maxRetry: 6
2026-03-25 08:12:48,528 fail2ban.filter         [754]: INFO      findtime: 604800
2026-03-25 08:12:48,528 fail2ban.actions        [754]: INFO      banTime: 604800
2026-03-25 08:12:48,528 fail2ban.filter         [754]: INFO      encoding: UTF-8
2026-03-25 08:12:48,528 fail2ban.filter         [754]: INFO    Added logfile: '/var/log/mail.log' (pos = 0, hash = 0ee6dcb382a6278d3d6f439d3868ef33a5c77486)
2026-03-25 08:12:48,529 fail2ban.jail           [754]: INFO    Creating new jail 'dovecot'
2026-03-25 08:12:48,529 fail2ban.jail           [754]: INFO    Jail 'dovecot' uses pyinotify {}
2026-03-25 08:12:48,529 fail2ban.jail           [754]: INFO    Initiated 'pyinotify' backend
2026-03-25 08:12:48,532 fail2ban.datedetector   [754]: INFO      date pattern `''`: `{^LN-BEG}TAI64N`
2026-03-25 08:12:48,532 fail2ban.filter         [754]: INFO      maxRetry: 6
2026-03-25 08:12:48,532 fail2ban.filter         [754]: INFO      findtime: 604800
2026-03-25 08:12:48,532 fail2ban.actions        [754]: INFO      banTime: 604800
2026-03-25 08:12:48,532 fail2ban.filter         [754]: INFO      encoding: UTF-8
2026-03-25 08:12:48,533 fail2ban.filter         [754]: INFO    Added logfile: '/var/log/mail.log' (pos = 0, hash = 0ee6dcb382a6278d3d6f439d3868ef33a5c77486)
2026-03-25 08:12:48,533 fail2ban.jail           [754]: INFO    Creating new jail 'custom'
2026-03-25 08:12:48,533 fail2ban.jail           [754]: INFO    Jail 'custom' uses pyinotify {}
2026-03-25 08:12:48,534 fail2ban.jail           [754]: INFO    Initiated 'pyinotify' backend
2026-03-25 08:12:48,534 fail2ban.filter         [754]: INFO      maxRetry: 6
2026-03-25 08:12:48,534 fail2ban.filter         [754]: INFO      findtime: 604800
2026-03-25 08:12:48,534 fail2ban.actions        [754]: INFO      banTime: 15552000
2026-03-25 08:12:48,534 fail2ban.filter         [754]: INFO      encoding: UTF-8
2026-03-25 08:12:48,536 fail2ban.jail           [754]: INFO    Jail 'postfix' started
2026-03-25 08:12:48,537 fail2ban.jail           [754]: INFO    Jail 'dovecot' started
2026-03-25 08:12:48,538 fail2ban.jail           [754]: INFO    Jail 'custom' started
2026-03-25 08:38:45,403 fail2ban.filter         [754]: INFO    [postfix] Found 158.94.210.212 - 2026-03-25 08:38:45
2026-03-25 11:29:59,876 fail2ban.server         [703]: INFO    --------------------------------------------------
2026-03-25 11:29:59,876 fail2ban.server         [703]: INFO    Starting Fail2ban v1.1.0.1
2026-03-25 11:29:59,876 fail2ban.observer       [703]: INFO    Observer start...
2026-03-25 11:29:59,884 fail2ban.database       [703]: INFO    Connected to fail2ban persistent database '/var/lib/fail2ban/fail2ban.sqlite3'
2026-03-25 11:29:59,885 fail2ban.jail           [703]: INFO    Creating new jail 'postfix'
2026-03-25 11:29:59,888 fail2ban.jail           [703]: INFO    Jail 'postfix' uses pyinotify {}
2026-03-25 11:29:59,889 fail2ban.jail           [703]: INFO    Initiated 'pyinotify' backend
2026-03-25 11:29:59,892 fail2ban.filter         [703]: INFO      maxRetry: 6
2026-03-25 11:29:59,893 fail2ban.filter         [703]: INFO      findtime: 604800
2026-03-25 11:29:59,893 fail2ban.actions        [703]: INFO      banTime: 604800
2026-03-25 11:29:59,893 fail2ban.filter         [703]: INFO      encoding: UTF-8
2026-03-25 11:29:59,893 fail2ban.filter         [703]: INFO    Added logfile: '/var/log/mail.log' (pos = 29436, hash = 0ee6dcb382a6278d3d6f439d3868ef33a5c77486)
2026-03-25 11:29:59,893 fail2ban.jail           [703]: INFO    Creating new jail 'dovecot'
2026-03-25 11:29:59,893 fail2ban.jail           [703]: INFO    Jail 'dovecot' uses pyinotify {}
2026-03-25 11:29:59,894 fail2ban.jail           [703]: INFO    Initiated 'pyinotify' backend
2026-03-25 11:29:59,897 fail2ban.datedetector   [703]: INFO      date pattern `''`: `{^LN-BEG}TAI64N`
2026-03-25 11:29:59,897 fail2ban.filter         [703]: INFO      maxRetry: 6
2026-03-25 11:29:59,897 fail2ban.filter         [703]: INFO      findtime: 604800
2026-03-25 11:29:59,897 fail2ban.actions        [703]: INFO      banTime: 604800
2026-03-25 11:29:59,897 fail2ban.filter         [703]: INFO      encoding: UTF-8
2026-03-25 11:29:59,897 fail2ban.filter         [703]: INFO    Added logfile: '/var/log/mail.log' (pos = 29674, hash = 0ee6dcb382a6278d3d6f439d3868ef33a5c77486)
2026-03-25 11:29:59,897 fail2ban.jail           [703]: INFO    Creating new jail 'custom'
2026-03-25 11:29:59,897 fail2ban.jail           [703]: INFO    Jail 'custom' uses pyinotify {}
2026-03-25 11:29:59,898 fail2ban.jail           [703]: INFO    Initiated 'pyinotify' backend
2026-03-25 11:29:59,898 fail2ban.filter         [703]: INFO      maxRetry: 6
2026-03-25 11:29:59,899 fail2ban.filter         [703]: INFO      findtime: 604800
2026-03-25 11:29:59,899 fail2ban.actions        [703]: INFO      banTime: 15552000
2026-03-25 11:29:59,899 fail2ban.filter         [703]: INFO      encoding: UTF-8
2026-03-25 11:29:59,900 fail2ban.jail           [703]: INFO    Jail 'postfix' started
2026-03-25 11:29:59,901 fail2ban.jail           [703]: INFO    Jail 'dovecot' started
2026-03-25 11:29:59,902 fail2ban.jail           [703]: INFO    Jail 'custom' started
2026-03-25 11:31:08,010 fail2ban.server         [243]: INFO    --------------------------------------------------
2026-03-25 11:31:08,010 fail2ban.server         [243]: INFO    Starting Fail2ban v1.1.0.1
2026-03-25 11:31:08,010 fail2ban.observer       [243]: INFO    Observer start...
2026-03-25 11:31:08,015 fail2ban.asyncserver    [243]: ERROR   Fail2ban seems to be already running
2026-03-25 11:31:08,015 fail2ban.asyncserver    [243]: WARNING Forcing execution of the server
2026-03-25 11:31:08,021 fail2ban.database       [243]: INFO    Connected to fail2ban persistent database '/var/lib/fail2ban/fail2ban.sqlite3'
2026-03-25 11:31:08,021 fail2ban.jail           [243]: INFO    Creating new jail 'postfix'
2026-03-25 11:31:08,025 fail2ban.jail           [243]: INFO    Jail 'postfix' uses pyinotify {}
2026-03-25 11:31:08,026 fail2ban.jail           [243]: INFO    Initiated 'pyinotify' backend
2026-03-25 11:31:08,030 fail2ban.filter         [243]: INFO      maxRetry: 6
2026-03-25 11:31:08,030 fail2ban.filter         [243]: INFO      findtime: 604800
2026-03-25 11:31:08,030 fail2ban.actions        [243]: INFO      banTime: 604800
2026-03-25 11:31:08,030 fail2ban.filter         [243]: INFO      encoding: UTF-8
2026-03-25 11:31:08,030 fail2ban.filter         [243]: INFO    Added logfile: '/var/log/mail.log' (pos = 30161, hash = 0ee6dcb382a6278d3d6f439d3868ef33a5c77486)
2026-03-25 11:31:08,030 fail2ban.jail           [243]: INFO    Creating new jail 'dovecot'
2026-03-25 11:31:08,030 fail2ban.jail           [243]: INFO    Jail 'dovecot' uses pyinotify {}
2026-03-25 11:31:08,031 fail2ban.jail           [243]: INFO    Initiated 'pyinotify' backend
2026-03-25 11:31:08,034 fail2ban.datedetector   [243]: INFO      date pattern `''`: `{^LN-BEG}TAI64N`
2026-03-25 11:31:08,034 fail2ban.filter         [243]: INFO      maxRetry: 6
2026-03-25 11:31:08,034 fail2ban.filter         [243]: INFO      findtime: 604800
2026-03-25 11:31:08,034 fail2ban.actions        [243]: INFO      banTime: 604800
2026-03-25 11:31:08,034 fail2ban.filter         [243]: INFO      encoding: UTF-8
2026-03-25 11:31:08,034 fail2ban.filter         [243]: INFO    Added logfile: '/var/log/mail.log' (pos = 30161, hash = 0ee6dcb382a6278d3d6f439d3868ef33a5c77486)
2026-03-25 11:31:08,034 fail2ban.jail           [243]: INFO    Creating new jail 'custom'
2026-03-25 11:31:08,034 fail2ban.jail           [243]: INFO    Jail 'custom' uses pyinotify {}
2026-03-25 11:31:08,035 fail2ban.jail           [243]: INFO    Initiated 'pyinotify' backend
2026-03-25 11:31:08,035 fail2ban.filter         [243]: INFO      maxRetry: 6
2026-03-25 11:31:08,036 fail2ban.filter         [243]: INFO      findtime: 604800
2026-03-25 11:31:08,036 fail2ban.actions        [243]: INFO      banTime: 15552000
2026-03-25 11:31:08,036 fail2ban.filter         [243]: INFO      encoding: UTF-8
2026-03-25 11:31:08,038 fail2ban.jail           [243]: INFO    Jail 'postfix' started
2026-03-25 11:31:08,041 fail2ban.jail           [243]: INFO    Jail 'dovecot' started
2026-03-25 11:31:08,041 fail2ban.jail           [243]: INFO    Jail 'custom' started
2026-03-25 11:32:38,891 fail2ban.server         [243]: INFO    --------------------------------------------------
2026-03-25 11:32:38,891 fail2ban.server         [243]: INFO    Starting Fail2ban v1.1.0.1
2026-03-25 11:32:38,892 fail2ban.observer       [243]: INFO    Observer start...
2026-03-25 11:32:38,892 fail2ban.asyncserver    [243]: ERROR   Fail2ban seems to be already running
2026-03-25 11:32:38,892 fail2ban.asyncserver    [243]: WARNING Forcing execution of the server
2026-03-25 11:32:38,894 fail2ban.database       [243]: INFO    Connected to fail2ban persistent database '/var/lib/fail2ban/fail2ban.sqlite3'
2026-03-25 11:32:38,895 fail2ban.jail           [243]: INFO    Creating new jail 'postfix'
2026-03-25 11:32:38,898 fail2ban.jail           [243]: INFO    Jail 'postfix' uses pyinotify {}
2026-03-25 11:32:38,899 fail2ban.jail           [243]: INFO    Initiated 'pyinotify' backend
2026-03-25 11:32:38,902 fail2ban.filter         [243]: INFO      maxRetry: 6
2026-03-25 11:32:38,903 fail2ban.filter         [243]: INFO      findtime: 604800
2026-03-25 11:32:38,903 fail2ban.actions        [243]: INFO      banTime: 604800
2026-03-25 11:32:38,903 fail2ban.filter         [243]: INFO      encoding: UTF-8
2026-03-25 11:32:38,903 fail2ban.filter         [243]: INFO    Added logfile: '/var/log/mail.log' (pos = 37463, hash = 0ee6dcb382a6278d3d6f439d3868ef33a5c77486)
2026-03-25 11:32:38,903 fail2ban.jail           [243]: INFO    Creating new jail 'dovecot'
2026-03-25 11:32:38,903 fail2ban.jail           [243]: INFO    Jail 'dovecot' uses pyinotify {}
2026-03-25 11:32:38,904 fail2ban.jail           [243]: INFO    Initiated 'pyinotify' backend
2026-03-25 11:32:38,907 fail2ban.datedetector   [243]: INFO      date pattern `''`: `{^LN-BEG}TAI64N`
2026-03-25 11:32:38,907 fail2ban.filter         [243]: INFO      maxRetry: 6
2026-03-25 11:32:38,907 fail2ban.filter         [243]: INFO      findtime: 604800
2026-03-25 11:32:38,907 fail2ban.actions        [243]: INFO      banTime: 604800
2026-03-25 11:32:38,907 fail2ban.filter         [243]: INFO      encoding: UTF-8
2026-03-25 11:32:38,907 fail2ban.filter         [243]: INFO    Added logfile: '/var/log/mail.log' (pos = 37463, hash = 0ee6dcb382a6278d3d6f439d3868ef33a5c77486)
2026-03-25 11:32:38,907 fail2ban.jail           [243]: INFO    Creating new jail 'custom'
2026-03-25 11:32:38,907 fail2ban.jail           [243]: INFO    Jail 'custom' uses pyinotify {}
2026-03-25 11:32:38,908 fail2ban.jail           [243]: INFO    Initiated 'pyinotify' backend
2026-03-25 11:32:38,908 fail2ban.filter         [243]: INFO      maxRetry: 6
2026-03-25 11:32:38,908 fail2ban.filter         [243]: INFO      findtime: 604800
2026-03-25 11:32:38,909 fail2ban.actions        [243]: INFO      banTime: 15552000
2026-03-25 11:32:38,909 fail2ban.filter         [243]: INFO      encoding: UTF-8
2026-03-25 11:32:38,912 fail2ban.jail           [243]: INFO    Jail 'postfix' started
2026-03-25 11:32:38,915 fail2ban.jail           [243]: INFO    Jail 'dovecot' started
2026-03-25 11:32:38,915 fail2ban.jail           [243]: INFO    Jail 'custom' started
2026-03-25 11:36:12,791 fail2ban.server         [694]: INFO    --------------------------------------------------
2026-03-25 11:36:12,791 fail2ban.server         [694]: INFO    Starting Fail2ban v1.1.0.1
2026-03-25 11:36:12,791 fail2ban.observer       [694]: INFO    Observer start...
2026-03-25 11:36:12,801 fail2ban.database       [694]: INFO    Connected to fail2ban persistent database '/var/lib/fail2ban/fail2ban.sqlite3'
2026-03-25 11:36:12,802 fail2ban.jail           [694]: INFO    Creating new jail 'postfix'
2026-03-25 11:36:12,805 fail2ban.jail           [694]: INFO    Jail 'postfix' uses pyinotify {}
2026-03-25 11:36:12,806 fail2ban.jail           [694]: INFO    Initiated 'pyinotify' backend
2026-03-25 11:36:12,810 fail2ban.filter         [694]: INFO      maxRetry: 6
2026-03-25 11:36:12,810 fail2ban.filter         [694]: INFO      findtime: 604800
2026-03-25 11:36:12,810 fail2ban.actions        [694]: INFO      banTime: 604800
2026-03-25 11:36:12,810 fail2ban.filter         [694]: INFO      encoding: UTF-8
2026-03-25 11:36:12,810 fail2ban.filter         [694]: INFO    Added logfile: '/var/log/mail.log' (pos = 54217, hash = 0ee6dcb382a6278d3d6f439d3868ef33a5c77486)
2026-03-25 11:36:12,810 fail2ban.jail           [694]: INFO    Creating new jail 'dovecot'
2026-03-25 11:36:12,811 fail2ban.jail           [694]: INFO    Jail 'dovecot' uses pyinotify {}
2026-03-25 11:36:12,811 fail2ban.jail           [694]: INFO    Initiated 'pyinotify' backend
2026-03-25 11:36:12,814 fail2ban.datedetector   [694]: INFO      date pattern `''`: `{^LN-BEG}TAI64N`
2026-03-25 11:36:12,815 fail2ban.filter         [694]: INFO      maxRetry: 6
2026-03-25 11:36:12,815 fail2ban.filter         [694]: INFO      findtime: 604800
2026-03-25 11:36:12,815 fail2ban.actions        [694]: INFO      banTime: 604800
2026-03-25 11:36:12,815 fail2ban.filter         [694]: INFO      encoding: UTF-8
2026-03-25 11:36:12,815 fail2ban.filter         [694]: INFO    Added logfile: '/var/log/mail.log' (pos = 54217, hash = 0ee6dcb382a6278d3d6f439d3868ef33a5c77486)
2026-03-25 11:36:12,815 fail2ban.jail           [694]: INFO    Creating new jail 'custom'
2026-03-25 11:36:12,815 fail2ban.jail           [694]: INFO    Jail 'custom' uses pyinotify {}
2026-03-25 11:36:12,816 fail2ban.jail           [694]: INFO    Initiated 'pyinotify' backend
2026-03-25 11:36:12,816 fail2ban.filter         [694]: INFO      maxRetry: 6
2026-03-25 11:36:12,816 fail2ban.filter         [694]: INFO      findtime: 604800
2026-03-25 11:36:12,816 fail2ban.actions        [694]: INFO      banTime: 15552000
2026-03-25 11:36:12,817 fail2ban.filter         [694]: INFO      encoding: UTF-8
2026-03-25 11:36:12,818 fail2ban.jail           [694]: INFO    Jail 'postfix' started
2026-03-25 11:36:12,820 fail2ban.jail           [694]: INFO    Jail 'dovecot' started
2026-03-25 11:36:12,821 fail2ban.jail           [694]: INFO    Jail 'custom' started
